0 info it worked if it ends with ok
1 verbose cli [ 'node',
1 verbose cli   '/home/whitecorn/.meteor/packages/meteor-tool/.1.3.2_4.10vjklo++os.linux.x86_64+web.browser+web.cordova/mt-os.linux.x86_64/dev_bundle/bin/npm',
1 verbose cli   'install',
1 verbose cli   '--save',
1 verbose cli   'random-js' ]
2 info using npm@2.14.22
3 info using node@v0.10.43
4 verbose install initial load of /home/whitecorn/Documents/project-sarai-beta/package.json
5 verbose installManyTop reading scoped package data from /home/whitecorn/Documents/project-sarai-beta/node_modules/babel-core/package.json
6 verbose installManyTop reading scoped package data from /home/whitecorn/Documents/project-sarai-beta/node_modules/babel-eslint/package.json
7 verbose installManyTop reading scoped package data from /home/whitecorn/Documents/project-sarai-beta/node_modules/babel-plugin-react-require/package.json
8 verbose installManyTop reading scoped package data from /home/whitecorn/Documents/project-sarai-beta/node_modules/babel-polyfill/package.json
9 verbose installManyTop reading scoped package data from /home/whitecorn/Documents/project-sarai-beta/node_modules/babel-preset-es2015/package.json
10 verbose installManyTop reading scoped package data from /home/whitecorn/Documents/project-sarai-beta/node_modules/babel-preset-react/package.json
11 verbose installManyTop reading scoped package data from /home/whitecorn/Documents/project-sarai-beta/node_modules/babel-preset-stage-2/package.json
12 verbose installManyTop reading scoped package data from /home/whitecorn/Documents/project-sarai-beta/node_modules/chai/package.json
13 verbose installManyTop reading scoped package data from /home/whitecorn/Documents/project-sarai-beta/node_modules/classnames/package.json
14 verbose installManyTop reading scoped package data from /home/whitecorn/Documents/project-sarai-beta/node_modules/enzyme/package.json
15 verbose installManyTop reading scoped package data from /home/whitecorn/Documents/project-sarai-beta/node_modules/eslint/package.json
16 verbose installManyTop reading scoped package data from /home/whitecorn/Documents/project-sarai-beta/node_modules/eslint-plugin-meteor/package.json
17 verbose installManyTop reading scoped package data from /home/whitecorn/Documents/project-sarai-beta/node_modules/eslint-plugin-react/package.json
18 verbose installManyTop reading scoped package data from /home/whitecorn/Documents/project-sarai-beta/node_modules/mantra-core/package.json
19 verbose installManyTop reading scoped package data from /home/whitecorn/Documents/project-sarai-beta/node_modules/marked/package.json
20 verbose installManyTop reading scoped package data from /home/whitecorn/Documents/project-sarai-beta/node_modules/material-design-icons/package.json
21 verbose installManyTop reading scoped package data from /home/whitecorn/Documents/project-sarai-beta/node_modules/material-design-lite/package.json
22 verbose installManyTop reading scoped package data from /home/whitecorn/Documents/project-sarai-beta/node_modules/mocha/package.json
23 verbose installManyTop reading scoped package data from /home/whitecorn/Documents/project-sarai-beta/node_modules/react/package.json
24 verbose installManyTop reading scoped package data from /home/whitecorn/Documents/project-sarai-beta/node_modules/react-addons-test-utils/package.json
25 verbose installManyTop reading scoped package data from /home/whitecorn/Documents/project-sarai-beta/node_modules/react-dom/package.json
26 verbose installManyTop reading scoped package data from /home/whitecorn/Documents/project-sarai-beta/node_modules/react-google-maps/package.json
27 verbose installManyTop reading scoped package data from /home/whitecorn/Documents/project-sarai-beta/node_modules/react-icons/package.json
28 verbose installManyTop reading scoped package data from /home/whitecorn/Documents/project-sarai-beta/node_modules/react-komposer/package.json
29 verbose installManyTop reading scoped package data from /home/whitecorn/Documents/project-sarai-beta/node_modules/react-markdown/package.json
30 verbose installManyTop reading scoped package data from /home/whitecorn/Documents/project-sarai-beta/node_modules/react-mounter/package.json
31 verbose installManyTop reading scoped package data from /home/whitecorn/Documents/project-sarai-beta/node_modules/react-redux/package.json
32 verbose installManyTop reading scoped package data from /home/whitecorn/Documents/project-sarai-beta/node_modules/react-simple-di/package.json
33 verbose installManyTop reading scoped package data from /home/whitecorn/Documents/project-sarai-beta/node_modules/redux/package.json
34 verbose installManyTop reading scoped package data from /home/whitecorn/Documents/project-sarai-beta/node_modules/redux-devtools/package.json
35 verbose installManyTop reading scoped package data from /home/whitecorn/Documents/project-sarai-beta/node_modules/sinon/package.json
36 verbose installManyTop reading scoped package data from /home/whitecorn/Documents/project-sarai-beta/node_modules/slug/package.json
37 verbose installManyTop reading scoped package data from /home/whitecorn/Documents/project-sarai-beta/node_modules/snyk/package.json
38 info package.json babel-polyfill@6.9.1 No description
39 verbose readDependencies loading dependencies from /home/whitecorn/Documents/project-sarai-beta/package.json
40 silly cache add args [ 'random-js', null ]
41 verbose cache add spec random-js
42 silly cache add parsed spec { raw: 'random-js',
42 silly cache add   scope: null,
42 silly cache add   name: 'random-js',
42 silly cache add   rawSpec: '',
42 silly cache add   spec: 'latest',
42 silly cache add   type: 'tag' }
43 silly addNamed random-js@latest
44 verbose addNamed "latest" is being treated as a dist-tag for random-js
45 info addNameTag [ 'random-js', 'latest' ]
46 silly mapToRegistry name random-js
47 silly mapToRegistry using default registry
48 silly mapToRegistry registry https://registry.npmjs.org/
49 silly mapToRegistry uri https://registry.npmjs.org/random-js
50 verbose addNameTag registry:https://registry.npmjs.org/random-js not in flight; fetching
51 verbose request uri https://registry.npmjs.org/random-js
52 verbose request no auth needed
53 info attempt registry request try #1 at 15:12:00
54 verbose request id a227e963431101ce
55 verbose etag "IIQICLLDLD1JE6G51Q5UOMX3"
56 http request GET https://registry.npmjs.org/random-js
57 http 304 https://registry.npmjs.org/random-js
58 verbose headers { date: 'Mon, 13 Jun 2016 07:12:01 GMT',
58 verbose headers   via: '1.1 varnish',
58 verbose headers   'cache-control': 'max-age=300',
58 verbose headers   etag: '"IIQICLLDLD1JE6G51Q5UOMX3"',
58 verbose headers   age: '298',
58 verbose headers   connection: 'keep-alive',
58 verbose headers   'x-served-by': 'cache-sjc3634-SJC',
58 verbose headers   'x-cache': 'HIT',
58 verbose headers   'x-cache-hits': '1',
58 verbose headers   'x-timer': 'S1465801921.208584,VS0,VE0',
58 verbose headers   vary: 'Accept-Encoding' }
59 silly get cb [ 304,
59 silly get   { date: 'Mon, 13 Jun 2016 07:12:01 GMT',
59 silly get     via: '1.1 varnish',
59 silly get     'cache-control': 'max-age=300',
59 silly get     etag: '"IIQICLLDLD1JE6G51Q5UOMX3"',
59 silly get     age: '298',
59 silly get     connection: 'keep-alive',
59 silly get     'x-served-by': 'cache-sjc3634-SJC',
59 silly get     'x-cache': 'HIT',
59 silly get     'x-cache-hits': '1',
59 silly get     'x-timer': 'S1465801921.208584,VS0,VE0',
59 silly get     vary: 'Accept-Encoding' } ]
60 verbose etag https://registry.npmjs.org/random-js from cache
61 verbose get saving random-js to /home/whitecorn/.npm/registry.npmjs.org/random-js/.cache.json
62 verbose correctMkdir /home/whitecorn/.npm correctMkdir not in flight; initializing
63 silly addNameTag next cb for random-js with tag latest
64 silly addNamed random-js@1.0.8
65 verbose addNamed "1.0.8" is a plain semver version for random-js
66 silly cache afterAdd random-js@1.0.8
67 verbose afterAdd /home/whitecorn/.npm/random-js/1.0.8/package/package.json not in flight; writing
68 verbose correctMkdir /home/whitecorn/.npm correctMkdir not in flight; initializing
69 verbose afterAdd /home/whitecorn/.npm/random-js/1.0.8/package/package.json written
70 silly install resolved [ { name: 'random-js',
70 silly install resolved     description: 'A mathematically correct random number generator library for JavaScript.',
70 silly install resolved     version: '1.0.8',
70 silly install resolved     author: { name: 'Cameron Kenneth Knight', email: 'ckknight@gmail.com' },
70 silly install resolved     keywords: [ 'random' ],
70 silly install resolved     homepage: 'https://github.com/ckknight/random-js',
70 silly install resolved     bugs: { url: 'https://github.com/ckknight/random-js/issues' },
70 silly install resolved     license: 'MIT',
70 silly install resolved     repository: { type: 'git', url: 'git://github.com/ckknight/random-js.git' },
70 silly install resolved     main: 'lib/random',
70 silly install resolved     devDependencies:
70 silly install resolved      { karma: '~0.10.9',
70 silly install resolved        'karma-chrome-launcher': '~0.1.2',
70 silly install resolved        'karma-coffee-preprocessor': '~0.1.2',
70 silly install resolved        'karma-coverage': '~0.1.5',
70 silly install resolved        'karma-firefox-launcher': '~0.1.3',
70 silly install resolved        'karma-html2js-preprocessor': '~0.1.0',
70 silly install resolved        'karma-jasmine': '~0.1.5',
70 silly install resolved        'karma-phantomjs-launcher': '~0.1.1',
70 silly install resolved        'karma-requirejs': '~0.2.1',
70 silly install resolved        'karma-script-launcher': '~0.1.0',
70 silly install resolved        requirejs: '~2.1.10' },
70 silly install resolved     scripts:
70 silly install resolved      { test: 'jasmine-node lib/random.js spec/',
70 silly install resolved        uglify: 'uglifyjs lib/random.js -o lib/random.min.js -m -c' },
70 silly install resolved     testling: { files: 'spec/*.js' },
70 silly install resolved     gitHead: '8a51f321c1fb1725a593fec59299af6ad7118631',
70 silly install resolved     _id: 'random-js@1.0.8',
70 silly install resolved     _shasum: '968fd689a6f25d6c0aac766283de2f688c9c190a',
70 silly install resolved     _from: 'random-js@latest',
70 silly install resolved     _npmVersion: '2.14.2',
70 silly install resolved     _nodeVersion: '4.0.0',
70 silly install resolved     _npmUser: { name: 'ckknight', email: 'ckknight@gmail.com' },
70 silly install resolved     dist:
70 silly install resolved      { shasum: '968fd689a6f25d6c0aac766283de2f688c9c190a',
70 silly install resolved        tarball: 'https://registry.npmjs.org/random-js/-/random-js-1.0.8.tgz' },
70 silly install resolved     maintainers: [ [Object] ],
70 silly install resolved     directories: {},
70 silly install resolved     _resolved: 'https://registry.npmjs.org/random-js/-/random-js-1.0.8.tgz',
70 silly install resolved     readme: 'ERROR: No README data found!' } ]
71 info install random-js@1.0.8 into /home/whitecorn/Documents/project-sarai-beta
72 info installOne random-js@1.0.8
73 verbose installOne of random-js to /home/whitecorn/Documents/project-sarai-beta not in flight; installing
74 verbose correctMkdir /home/whitecorn/.npm/_locks correctMkdir not in flight; initializing
75 verbose lock using /home/whitecorn/.npm/_locks/random-js-30fb8e0b3b484afc.lock for /home/whitecorn/Documents/project-sarai-beta/node_modules/random-js
76 silly install write writing random-js 1.0.8 to /home/whitecorn/Documents/project-sarai-beta/node_modules/random-js
77 verbose unbuild node_modules/random-js
78 silly gentlyRm /home/whitecorn/Documents/project-sarai-beta/node_modules/random-js is being purged from base /home/whitecorn/Documents/project-sarai-beta
79 verbose gentlyRm don't care about contents; nuking /home/whitecorn/Documents/project-sarai-beta/node_modules/random-js
80 verbose tar unpack /home/whitecorn/.npm/random-js/1.0.8/package.tgz
81 verbose tar unpacking to /home/whitecorn/Documents/project-sarai-beta/node_modules/random-js
82 silly gentlyRm /home/whitecorn/Documents/project-sarai-beta/node_modules/random-js is being purged
83 verbose gentlyRm don't care about contents; nuking /home/whitecorn/Documents/project-sarai-beta/node_modules/random-js
84 silly gunzTarPerm modes [ '755', '644' ]
85 silly gunzTarPerm extractEntry package.json
86 silly gunzTarPerm extractEntry .npmignore
87 silly gunzTarPerm extractEntry README.md
88 silly gunzTarPerm extractEntry LICENSE
89 silly gunzTarPerm extractEntry karma.conf.js
90 silly gunzTarPerm extractEntry bower.json
91 silly gunzTarPerm extractEntry benchmark/bool.js
92 silly gunzTarPerm extractEntry benchmark/engines.js
93 silly gunzTarPerm extractEntry benchmark/integer.js
94 silly gunzTarPerm extractEntry benchmark/real.js
95 silly gunzTarPerm extractEntry CHANGELOG.md
96 silly gunzTarPerm extractEntry lib/random.js
97 silly gunzTarPerm extractEntry lib/random.min.js
98 silly gunzTarPerm extractEntry spec/RandomSpec.js
99 silly gunzTarPerm extractEntry spec/engines.browserCryptoSpec.js
100 silly gunzTarPerm extractEntry spec/engines.mt19937Spec.js
101 silly gunzTarPerm extractEntry spec/engines.nativeMathSpec.js
102 silly gunzTarPerm extractEntry spec/dieSpec.js
103 silly gunzTarPerm extractEntry spec/integerSpec.js
104 silly gunzTarPerm extractEntry spec/pickSpec.js
105 silly gunzTarPerm extractEntry spec/pickerSpec.js
106 silly gunzTarPerm extractEntry spec/realSpec.js
107 silly gunzTarPerm extractEntry spec/sampleSpec.js
108 silly gunzTarPerm extractEntry spec/diceSpec.js
109 silly gunzTarPerm extractEntry spec/shuffleSpec.js
110 silly gunzTarPerm extractEntry spec/dateSpec.js
111 silly gunzTarPerm extractEntry spec/stringSpec.js
112 silly gunzTarPerm extractEntry spec/boolSpec.js
113 silly gunzTarPerm extractEntry spec/uuid4Spec.js
114 silly gunzTarPerm extractEntry spec/hexSpec.js
115 silly gunzTarPerm extractEntry .travis.yml
116 silly gunzTarPerm extractEntry test/engines.browserCryptoSpec.js
117 verbose write writing to /home/whitecorn/Documents/project-sarai-beta/node_modules/random-js/package.json
118 info preinstall random-js@1.0.8
119 verbose readDependencies loading dependencies from /home/whitecorn/Documents/project-sarai-beta/node_modules/random-js/package.json
120 verbose readDependencies loading dependencies from /home/whitecorn/Documents/project-sarai-beta/node_modules/random-js/package.json
121 silly install resolved []
122 verbose about to build /home/whitecorn/Documents/project-sarai-beta/node_modules/random-js
123 info build /home/whitecorn/Documents/project-sarai-beta/node_modules/random-js
124 info linkStuff random-js@1.0.8
125 silly linkStuff random-js@1.0.8 has /home/whitecorn/Documents/project-sarai-beta/node_modules as its parent node_modules
126 verbose linkBins random-js@1.0.8
127 verbose linkMans random-js@1.0.8
128 verbose rebuildBundles random-js@1.0.8
129 info install random-js@1.0.8
130 info postinstall random-js@1.0.8
131 verbose unlock done using /home/whitecorn/.npm/_locks/random-js-30fb8e0b3b484afc.lock for /home/whitecorn/Documents/project-sarai-beta/node_modules/random-js
132 verbose validateInstall loading /home/whitecorn/Documents/project-sarai-beta/package.json for validation
133 verbose stack Error: The package eslint@2.11.1 does not satisfy its siblings' peerDependencies requirements!
133 verbose stack     at /home/whitecorn/.meteor/packages/meteor-tool/.1.3.2_4.10vjklo++os.linux.x86_64+web.browser+web.cordova/mt-os.linux.x86_64/dev_bundle/lib/node_modules/npm/lib/install.js:125:32
133 verbose stack     at /home/whitecorn/.meteor/packages/meteor-tool/.1.3.2_4.10vjklo++os.linux.x86_64+web.browser+web.cordova/mt-os.linux.x86_64/dev_bundle/lib/node_modules/npm/lib/install.js:268:7
133 verbose stack     at /home/whitecorn/.meteor/packages/meteor-tool/.1.3.2_4.10vjklo++os.linux.x86_64+web.browser+web.cordova/mt-os.linux.x86_64/dev_bundle/lib/node_modules/npm/node_modules/read-installed/read-installed.js:142:5
133 verbose stack     at /home/whitecorn/.meteor/packages/meteor-tool/.1.3.2_4.10vjklo++os.linux.x86_64+web.browser+web.cordova/mt-os.linux.x86_64/dev_bundle/lib/node_modules/npm/node_modules/read-installed/read-installed.js:263:14
133 verbose stack     at cb (/home/whitecorn/.meteor/packages/meteor-tool/.1.3.2_4.10vjklo++os.linux.x86_64+web.browser+web.cordova/mt-os.linux.x86_64/dev_bundle/lib/node_modules/npm/node_modules/slide/lib/async-map.js:47:24)
133 verbose stack     at /home/whitecorn/.meteor/packages/meteor-tool/.1.3.2_4.10vjklo++os.linux.x86_64+web.browser+web.cordova/mt-os.linux.x86_64/dev_bundle/lib/node_modules/npm/node_modules/read-installed/read-installed.js:263:14
133 verbose stack     at cb (/home/whitecorn/.meteor/packages/meteor-tool/.1.3.2_4.10vjklo++os.linux.x86_64+web.browser+web.cordova/mt-os.linux.x86_64/dev_bundle/lib/node_modules/npm/node_modules/slide/lib/async-map.js:47:24)
133 verbose stack     at /home/whitecorn/.meteor/packages/meteor-tool/.1.3.2_4.10vjklo++os.linux.x86_64+web.browser+web.cordova/mt-os.linux.x86_64/dev_bundle/lib/node_modules/npm/node_modules/read-installed/read-installed.js:263:14
133 verbose stack     at cb (/home/whitecorn/.meteor/packages/meteor-tool/.1.3.2_4.10vjklo++os.linux.x86_64+web.browser+web.cordova/mt-os.linux.x86_64/dev_bundle/lib/node_modules/npm/node_modules/slide/lib/async-map.js:47:24)
133 verbose stack     at /home/whitecorn/.meteor/packages/meteor-tool/.1.3.2_4.10vjklo++os.linux.x86_64+web.browser+web.cordova/mt-os.linux.x86_64/dev_bundle/lib/node_modules/npm/node_modules/read-installed/read-installed.js:263:14
134 verbose cwd /home/whitecorn/Documents/project-sarai-beta
135 error Linux 3.16.0-73-generic
136 error argv "node" "/home/whitecorn/.meteor/packages/meteor-tool/.1.3.2_4.10vjklo++os.linux.x86_64+web.browser+web.cordova/mt-os.linux.x86_64/dev_bundle/bin/npm" "install" "--save" "random-js"
137 error node v0.10.43
138 error npm  v2.14.22
139 error code EPEERINVALID
140 error peerinvalid The package eslint@2.11.1 does not satisfy its siblings' peerDependencies requirements!
140 error peerinvalid Peer eslint-plugin-meteor@1.7.0 wants eslint@>=0.8.0
140 error peerinvalid Peer babel-eslint@5.0.4 wants eslint@<2.3.0
141 verbose exit [ 1, true ]
